[reissue] Starting reissue workflow
[reissue] Root CA name : JSIGROUP-RootCA-10Y
[reissue] Root DN      : CN=JSIGROUP Root CA,O=JSIGROUP,C=CA
[reissue] Sub CA name  : JSIGROUP-SubCA-5Y
[reissue] Sub DN       : CN=JSIGROUP Intermediate CA - AD CS,OU=Certificate Authority,O=JSIGROUP,C=CA
[reissue] Importing certificate profiles from /home/jsoehner/rootCA/phase2/profiles
Importing certificate and end entity profiles: 
Filename: 'certprofile_RootCAPilot-ECC384-SHA384-102.xml'
Certificate profile 'RootCAPilot-ECC384-SHA384' already exist in database.
Filename: 'certprofile_RootCAProd-ECC384-SHA384-100.xml'
Certificate profile 'RootCAProd-ECC384-SHA384' already exist in database.
Filename: 'certprofile_SubordCAPilot-ECC384-SHA384-103.xml'
Certificate profile 'SubordCAPilot-ECC384-SHA384' already exist in database.
Filename: 'certprofile_SubordCAPilot-RSA4096-SHA256-104.xml'
Certificate profile 'SubordCAPilot-RSA4096-SHA256' already exist in database.
Filename: 'certprofile_SubordCAProd-ECC384-SHA384-101.xml'
Certificate profile 'SubordCAProd-ECC384-SHA384' already exist in database.
[reissue] Profile import reported existing profiles; continuing
[reissue] Creating root CA 'JSIGROUP-RootCA-10Y'
Initializing CA
Generating rootCA keystore:
CA Type:x509
CA name: JSIGROUP-RootCA-10Y
SuperAdmin CN: null
DN: CN=JSIGROUP Root CA,O=JSIGROUP,C=CA
CA token type: soft
CA token password: hidden
Keytype: ECDSA
Keyspec: secp384r1
Validity: 3650d
Policy ID: null
Signature alg: SHA384withECDSA
Certificate profile: RootCAProd-ECC384-SHA384
CA token properties: {}
Signed by: Self signed
Initalizing authorization module with caid=1472584536 and superadmin CN 'null'.
Creating CA...
CAId for created CA: 1472584536
Created and published initial CRL.
CA initialized
Note that open browser sessions may have to be restarted to interact with this CA.
[reissue] Root CA ID: 1472584536
[reissue] Creating subordinate CA 'JSIGROUP-SubCA-5Y' signed by root ID 1472584536
