==================================================================
  Phase 3 — Sign AD CS Subordinate CSR
  Timestamp : 20260427T090244Z
  CSR       : /home/jsoehner/rootCA/artifacts/subca.req
  Output    : /home/jsoehner/rootCA/phase3/pilot-sub-from-adcs.pem
  Out (DER) : /home/jsoehner/rootCA/phase3/pilot-sub-from-adcs.cer
  Issuing CA: JSIGROUP-Pilot-RootCA
  Profile   : SubordCAPilot-ECC384-SHA384
  EE profile: ADCS2025_SubCA_EE_Profile
  Subject DN: CN=JSIGROUP Intermediate CA - AD CS - PILOT
  EE User   : jsi-pilot-adcs-sub-20260427T090244Z
==================================================================
[sign-csr]   CSR validated OK.
[sign-csr]   Health endpoint: HTTP 200 — OK
[sign-csr]   CA 'JSIGROUP-Pilot-RootCA' confirmed present.
[sign-csr]   Profile 'SubordCAPilot-ECC384-SHA384' confirmed present.
Using certificate profile: SubordCAPilot-ECC384-SHA384, with id: 380872775
Using entity profile: ADCS2025_SubCA_EE_Profile, with id: 198381620
Trying to add end entity:
Username: jsi-pilot-adcs-sub-20260427T090244Z
Password: <password hidden>
DN: CN=JSIGROUP Intermediate CA - AD CS - PILOT
CA Name: JSIGROUP-Pilot-RootCA
SubjectAltName: null
Email: null
Type: 1
Token: USERGENERATED
Certificate profile: 380872775
End entity profile: 198381620
User 'jsi-pilot-adcs-sub-20260427T090244Z' has been added.
Note: If batch processing should be possible, also use 'ra setclearpwd jsi-pilot-adcs-sub-20260427T090244Z <pwd>'.
[sign-csr]   End entity registered.
Could not create certificate: User 'jsi-pilot-adcs-sub-20260427T090244Z' is not allowed to use same subject DN as the user(s) 'jsi-pilot-adcs-sub-20260425T222205Z' is/are using while issued by the same CA (even if CN postfix is used). See setting for 'Enforce unique DN' in the section Certification Authorities.
