==================================================================
  Phase 3 — Sign AD CS Subordinate CSR
  Timestamp : 20260424T085702Z
  CSR       : /home/jsoehner/JSI-Root.jsigroup.local_jsigroup-JSI-ROOT-CA-1.req
  Output    : /home/jsoehner/rootCA/phase3/pilot-sub-from-adcs.pem
  Out (DER) : /home/jsoehner/rootCA/phase3/pilot-sub-from-adcs.cer
  Issuing CA: JSIGROUP-Pilot-RootCA
  Profile   : SubordCAPilot-ECC384-SHA384
  EE profile: SubCA_EE_Profile
  Subject DN: CN=JSIGROUP Intermediate CA - AD CS - PILOT
  EE User   : jsi-pilot-adcs-sub-20260424T085702Z
==================================================================
[sign-csr]   CSR validated OK.
[sign-csr]   Health endpoint: HTTP 200 — OK
[sign-csr]   CA 'JSIGROUP-Pilot-RootCA' confirmed present.
[sign-csr]   Profile 'SubordCAPilot-ECC384-SHA384' confirmed present.
Using certificate profile: SubordCAPilot-ECC384-SHA384, with id: 380872775
Using entity profile: SubCA_EE_Profile, with id: 198381618
Trying to add end entity:
Username: jsi-pilot-adcs-sub-20260424T085702Z
Password: <password hidden>
DN: CN=JSIGROUP Intermediate CA - AD CS - PILOT
CA Name: JSIGROUP-Pilot-RootCA
SubjectAltName: null
Email: null
Type: 1
Token: USERGENERATED
Certificate profile: 380872775
End entity profile: 198381618
Given userdata doesn't fulfill end entity profile. : Couldn't find certificate profile (380872775) among available certificate profiles.
